1 1
1 1
2 2
2 DOID:0002116 pterygium        
66 2029 2095
2 2
3 3
3 DOID:0014667 277.9 270-279 disease_of_metabolism      
91 2004 2095
3 3
4 4
4 DOID:0040046 L23.0 L00-L99 nickel_allergic_contact_dermatitis      
88 2007 2095
4 4
5 5
5 DOID:0040056 L23.0 L00-L99 chromium_allergic_contact_dermatitis      
88 2007 2095
5 5
6 6
6 DOID:0040083 J16.0 J00-J99 Chlamydia_pneumonia      
66 2029 2095
6 6
7 7
7 DOID:0040084 J13 J00-J99 Streptococcus_pneumonia      
66 2029 2095
7 7
8 8
8 DOID:0040085 995.91 995.91 bacterial_sepsis      
58 2037 2095
8 8
9 9
9 DOID:0040092 M08.1 M00-M25 juvenile_ankylosing_spondylitis      
68 2027 2095
9 9
10 10
10 DOID:0040099 L95.0 L00-L99 livedoid_vasculitis      
70 2025 2095
10 10
11 11
11 DOID:0050118 A83.5 A00-B99 La_Crosse_encephalitis      
104 1991 2095
11 11
12 12
12 DOID:0050120 hemophagocytic lymphohistiocytosis       
69 2026 2095
12 12
13 13
13 DOID:0050127 C0149512 Acute sinusitis      
70 2025 2095
13 13
14 14
14 DOID:0050133 B36.9 A00-B99 superficial_mycosis      
115 1980 2095
14 14
15 15
15 DOID:0050144 Kartagener syndrome       
27 2068 2095
15 15
16 16
16 DOID:0050145 J35.02 J00-J99 adenoiditis      
66 2029 2095
16 16
17 17
17 DOID:0050148 J04 J00-J99 laryngotracheitis      
66 2029 2095
17 17
18 18
18 DOID:0050152 C0032290 Pneumonia aspiration      
58 2037 2095
18 18
19 19
19 DOID:0050156 C1800706 Idiopathic pulmonary fibrosis     
80 2015 2095
19 19
20 20
20 DOID:0050157 J84.116 J00-J99 cryptogenic_organizing_pneumonia      
66 2029 2095
20 20
21 21
21 DOID:0050158 J84.115 J00-J99 desquamative_interstitial_pneumonia      
66 2029 2095
21 21
22 22
22 DOID:0050161 478.19 478.19 lower_respiratory_tract_disease      
29 2066 2095
22 22
23 23
23 DOID:0050166 016.6 001-139 tuberculous_salpingitis      
108 1987 2095
23 23
24 24
24 DOID:0050175 A84.1 A00-B99 tick-borne_encephalitis      
104 1991 2095
24 24
25 25
25 DOID:0050214 G70.80 G00-G99 Lambert-Eaton_myasthenic_syndrome      
38 2057 2095
25 25
26 26
26 DOID:0050269 A59.00 A00-B99 Trichomonas_vaginalis_trichomoniasis      
104 1991 2095
26 26
27 27
27 DOID:0050328 C0010308 Congenital hypothyroidism      
39 2056 2095
27 27
28 28
28 DOID:0050424 C0032580 Adenomatous polyposis coli     



